<?xml version="1.0" encoding="UTF-8"?>
<!-- Generated by org.testng.reporters.JUnitReportReporter -->
<testsuite skipped="0" hostname="DESKTOP-QQJNGOR" name="com.webtest.demo.Admin_Login" tests="1" failures="0" timestamp="13 十一月 2019 06:58:30 GMT" time="9.558" errors="0">
  <testcase name="testLogin" time="9.558" classname="com.webtest.demo.Admin_Login"/>
</testsuite> <!-- com.webtest.demo.Admin_Login -->
