<?xml version="1.0" encoding="UTF-8"?>
<!-- Generated by org.testng.reporters.JUnitReportReporter -->
<testsuite skipped="0" hostname="DESKTOP-GPM8FV2" name="com.edu.test.Login" tests="1" failures="0" timestamp="18 九月 2019 08:44:15 GMT" time="1.858" errors="0">
  <testcase name="testLogin" time="1.858" classname="com.edu.test.Login"/>
</testsuite> <!-- com.edu.test.Login -->
