<?xml version="1.0" encoding="UTF-8"?>
<!-- Generated by org.testng.reporters.JUnitReportReporter -->
<testsuite skipped="0" hostname="DESKTOP-GPM8FV2" name="com.edu.test.SkulistTest" tests="1" failures="0" timestamp="18 九月 2019 06:51:00 GMT" time="1.267" errors="0">
  <testcase name="test1" time="1.267" classname="com.edu.test.SkulistTest"/>
</testsuite> <!-- com.edu.test.SkulistTest -->
