<?xml version="1.0" encoding="UTF-8"?>
<!-- Generated by org.testng.reporters.JUnitReportReporter -->
<testsuite skipped="0" hostname="DESKTOP-GPM8FV2" name="com.edu.yanjie.system.basicmangement.company.SearchCompany" tests="1" failures="0" timestamp="26 十一月 2019 11:58:27 GMT" time="21.575" errors="0">
  <testcase name="SearchCompany1" time="21.575" classname="com.edu.yanjie.system.basicmangement.company.SearchCompany"/>
</testsuite> <!-- com.edu.yanjie.system.basicmangement.company.SearchCompany -->
