<?xml version="1.0" encoding="UTF-8"?>
<!-- Generated by org.testng.reporters.JUnitReportReporter -->
<testsuite skipped="0" hostname="DESKTOP-GPM8FV2" name="com.edu.yanjie.system.basicmangement.userMangement.AddUser" tests="5" failures="0" timestamp="05 十二月 2019 02:37:47 GMT" time="181.977" errors="0">
  <testcase name="addUser1" time="36.670" classname="com.edu.yanjie.system.basicmangement.userMangement.AddUser"/>
  <testcase name="addUser1" time="36.307" classname="com.edu.yanjie.system.basicmangement.userMangement.AddUser"/>
  <testcase name="addUser1" time="36.387" classname="com.edu.yanjie.system.basicmangement.userMangement.AddUser"/>
  <testcase name="addUser1" time="36.289" classname="com.edu.yanjie.system.basicmangement.userMangement.AddUser"/>
  <testcase name="addUser1" time="36.324" classname="com.edu.yanjie.system.basicmangement.userMangement.AddUser"/>
</testsuite> <!-- com.edu.yanjie.system.basicmangement.userMangement.AddUser -->
