<?xml version="1.0" encoding="UTF-8"?>
<!-- Generated by org.testng.reporters.JUnitReportReporter -->
<testsuite skipped="0" hostname="DESKTOP-GPM8FV2" name="com.edu.yanjie.system.systemTools.uploadManagement.UploadManagement" tests="1" failures="0" timestamp="05 十二月 2019 08:30:00 GMT" time="13.281" errors="0">
  <testcase name="viewPhoto" time="13.281" classname="com.edu.yanjie.system.systemTools.uploadManagement.UploadManagement"/>
</testsuite> <!-- com.edu.yanjie.system.systemTools.uploadManagement.UploadManagement -->
