<?xml version="1.0" encoding="UTF-8"?>
<!-- Generated by org.testng.reporters.JUnitReportReporter -->
<testsuite skipped="0" hostname="DESKTOP-GPM8FV2" name="com.edu.yanjie.system.subscriptionManagement.subscriptionTable.OperateSubscriptionTable" tests="1" failures="0" timestamp="03 十二月 2019 11:06:53 GMT" time="13.240" errors="0">
  <testcase name="openSuscription" time="13.240" classname="com.edu.yanjie.system.subscriptionManagement.subscriptionTable.OperateSubscriptionTable"/>
</testsuite> <!-- com.edu.yanjie.system.subscriptionManagement.subscriptionTable.OperateSubscriptionTable -->
