<?xml version="1.0" encoding="UTF-8"?>
<!-- Generated by org.testng.reporters.JUnitReportReporter -->
<testsuite skipped="0" hostname="DESKTOP-GPM8FV2" name="com.edu.yanjie.system.IM.conversationManagement.SendMessage" tests="1" failures="0" timestamp="05 十二月 2019 03:09:32 GMT" time="8.263" errors="0">
  <testcase name="sendMessage4" time="8.263" classname="com.edu.yanjie.system.IM.conversationManagement.SendMessage"/>
</testsuite> <!-- com.edu.yanjie.system.IM.conversationManagement.SendMessage -->
