<?xml version="1.0" encoding="UTF-8"?>
<!-- Generated by org.testng.reporters.JUnitReportReporter -->
<testsuite skipped="0" hostname="DESKTOP-GPM8FV2" name="com.edu.yanjie.system.basicmangement.groupMangement.AddGroup" tests="1" failures="0" timestamp="02 十二月 2019 12:29:57 GMT" time="13.345" errors="0">
  <testcase name="AddGroup1" time="13.345" classname="com.edu.yanjie.system.basicmangement.groupMangement.AddGroup"/>
</testsuite> <!-- com.edu.yanjie.system.basicmangement.groupMangement.AddGroup -->
