<?xml version="1.0" encoding="UTF-8"?>
<!-- Generated by org.testng.reporters.JUnitReportReporter -->
<testsuite skipped="0" hostname="DESKTOP-GPM8FV2" name="com.edu.yanjie.SendMails" tests="1" failures="0" timestamp="14 十一月 2019 02:21:53 GMT" time="18.397" errors="0">
  <testcase name="sendMail1" time="18.397" classname="com.edu.yanjie.SendMails"/>
</testsuite> <!-- com.edu.yanjie.SendMails -->
