<?xml version="1.0" encoding="UTF-8"?>
<!-- Generated by org.testng.reporters.JUnitReportReporter -->
<testsuite skipped="0" hostname="DESKTOP-GPM8FV2" name="com.edu.yanjie.system.basicmangement.userMangement.AddUser" tests="1" failures="0" timestamp="27 十一月 2019 07:35:11 GMT" time="33.378" errors="0">
  <testcase name="addUser1" time="33.378" classname="com.edu.yanjie.system.basicmangement.userMangement.AddUser"/>
</testsuite> <!-- com.edu.yanjie.system.basicmangement.userMangement.AddUser -->
