<?xml version="1.0" encoding="UTF-8"?>
<!-- Generated by org.testng.reporters.JUnitReportReporter -->
<testsuite skipped="0" hostname="小琪琪的XPro" name="com.webtest.xinhu.reim.TestDemo" tests="1" failures="0" timestamp="08 十二月 2019 15:38:58 GMT" time="24.381" errors="0">
  <testcase name="setDemo3" time="24.381" classname="com.webtest.xinhu.reim.TestDemo"/>
</testsuite> <!-- com.webtest.xinhu.reim.TestDemo -->
