<?xml version="1.0" encoding="UTF-8"?>
<!-- Generated by org.testng.reporters.JUnitReportReporter -->
<testsuite skipped="0" hostname="小琪琪的XPro" name="com.webtest.xinhu.reim.ProcessList" tests="4" failures="0" timestamp="08 十二月 2019 16:11:38 GMT" time="80.037" errors="0">
  <testcase name="listAdd" time="24.549" classname="com.webtest.xinhu.reim.ProcessList"/>
  <testcase name="listDelete" time="9.774" classname="com.webtest.xinhu.reim.ProcessList"/>
  <testcase name="listAdd" time="24.501" classname="com.webtest.xinhu.reim.ProcessList"/>
  <testcase name="listChange" time="21.213" classname="com.webtest.xinhu.reim.ProcessList"/>
</testsuite> <!-- com.webtest.xinhu.reim.ProcessList -->
