<?xml version="1.0" encoding="UTF-8"?>
<!-- Generated by org.testng.reporters.JUnitReportReporter -->
<testsuite skipped="0" hostname="小琪琪的XPro" name="com.webtest.xinhu.reim.Sign" tests="1" failures="0" timestamp="01 十二月 2019 15:37:05 GMT" time="0.054" errors="0">
  <testcase name="signDemo1" time="0.054" classname="com.webtest.xinhu.reim.Sign"/>
</testsuite> <!-- com.webtest.xinhu.reim.Sign -->
