<?xml version="1.0" encoding="UTF-8"?>
<!-- Generated by org.testng.reporters.JUnitReportReporter -->
<testsuite skipped="0" hostname="小琪琪的XPro" name="com.webtest.xinhu.reim.Process" tests="4" failures="0" timestamp="08 十二月 2019 03:47:11 GMT" time="105.911" errors="0">
  <testcase name="processDelete" time="9.679" classname="com.webtest.xinhu.reim.Process"/>
  <testcase name="processAdd" time="33.188" classname="com.webtest.xinhu.reim.Process"/>
  <testcase name="processAdd" time="33.098" classname="com.webtest.xinhu.reim.Process"/>
  <testcase name="processChange" time="29.946" classname="com.webtest.xinhu.reim.Process"/>
</testsuite> <!-- com.webtest.xinhu.reim.Process -->
