<?xml version="1.0" encoding="UTF-8"?>
<!-- Generated by org.testng.reporters.JUnitReportReporter -->
<testsuite skipped="0" hostname="DESKTOP-E0S8GEP" name="com.edu.system.SearchApply9" tests="1" failures="0" timestamp="09 十二月 2019 13:38:15 GMT" time="6.939" errors="0">
  <testcase name="LoginDemo1" time="6.939" classname="com.edu.system.SearchApply9"/>
</testsuite> <!-- com.edu.system.SearchApply9 -->
