<?xml version="1.0" encoding="UTF-8"?>
<!-- Generated by org.testng.reporters.JUnitReportReporter -->
<testsuite skipped="0" hostname="DESKTOP-E0S8GEP" name="com.edu.system.SearchApply2" tests="2" failures="0" timestamp="09 十二月 2019 12:23:00 GMT" time="40.540" errors="0">
  <testcase name="LoginDemo1" time="7.395" classname="com.edu.system.SearchApply2"/>
  <testcase name="SearchApply1" time="33.145" classname="com.edu.system.SearchApply2"/>
</testsuite> <!-- com.edu.system.SearchApply2 -->
