<?xml version="1.0" encoding="UTF-8"?>
<!-- Generated by org.testng.reporters.JUnitReportReporter -->
<testsuite skipped="0" hostname="DESKTOP-E0S8GEP" name="com.edu.system.AddApplyRepayment" tests="2" failures="0" timestamp="09 十二月 2019 08:00:36 GMT" time="9.415" errors="0">
  <testcase name="AddApply1" time="0.160" classname="com.edu.system.AddApplyRepayment"/>
  <testcase name="LoginDemo1" time="9.255" classname="com.edu.system.AddApplyRepayment"/>
</testsuite> <!-- com.edu.system.AddApplyRepayment -->
