<?xml version="1.0" encoding="UTF-8"?>
<!-- Generated by org.testng.reporters.JUnitReportReporter -->
<testsuite skipped="0" hostname="DESKTOP-E0S8GEP" name="com.edu.system.AddKnow" tests="2" failures="0" timestamp="09 十二月 2019 08:15:31 GMT" time="9.270" errors="0">
  <testcase name="LoginDemo1" time="9.092" classname="com.edu.system.AddKnow"/>
  <testcase name="initDemo" time="0.178" classname="com.edu.system.AddKnow"/>
</testsuite> <!-- com.edu.system.AddKnow -->
