<?xml version="1.0" encoding="UTF-8"?>
<!-- Generated by org.testng.reporters.JUnitReportReporter -->
<testsuite skipped="0" hostname="DESKTOP-E0S8GEP" name="com.edu.system.AddApplyRepair" tests="2" failures="0" timestamp="09 十二月 2019 09:12:26 GMT" time="6.922" errors="0">
  <testcase name="LoginDemo1" time="6.753" classname="com.edu.system.AddApplyRepair"/>
  <testcase name="SearchApply1" time="0.169" classname="com.edu.system.AddApplyRepair"/>
</testsuite> <!-- com.edu.system.AddApplyRepair -->
