<?xml version="1.0" encoding="UTF-8"?>
<!-- Generated by org.testng.reporters.JUnitReportReporter -->
<testsuite skipped="0" hostname="DESKTOP-E0S8GEP" name="com.edu.system.SearchApply11" tests="2" failures="0" timestamp="10 十二月 2019 01:21:14 GMT" time="29.662" errors="0">
  <testcase name="LoginDemo1" time="6.878" classname="com.edu.system.SearchApply11"/>
  <testcase name="AddApply1" time="22.784" classname="com.edu.system.SearchApply11"/>
</testsuite> <!-- com.edu.system.SearchApply11 -->
