<?xml version="1.0" encoding="UTF-8"?>
<!-- Generated by org.testng.reporters.JUnitReportReporter -->
<testsuite skipped="0" hostname="DESKTOP-E0S8GEP" name="com.edu.system.SearchApply4" tests="4" failures="0" timestamp="09 十二月 2019 12:30:03 GMT" time="43.106" errors="0">
  <testcase name="AddApplyRepair1" time="16.823" classname="com.edu.system.SearchApply4"/>
  <testcase name="AddApplyRepair3" time="9.657" classname="com.edu.system.SearchApply4"/>
  <testcase name="LoginDemo1" time="6.876" classname="com.edu.system.SearchApply4"/>
  <testcase name="AddApplyRepair2" time="9.750" classname="com.edu.system.SearchApply4"/>
</testsuite> <!-- com.edu.system.SearchApply4 -->
