<?xml version="1.0" encoding="UTF-8"?>
<!-- Generated by org.testng.reporters.JUnitReportReporter -->
<testsuite skipped="0" hostname="DESKTOP-E0S8GEP" name="com.edu.system.SearchApply7" tests="2" failures="0" timestamp="09 十二月 2019 12:39:48 GMT" time="30.108" errors="0">
  <testcase name="LoginDemo1" time="6.880" classname="com.edu.system.SearchApply7"/>
  <testcase name="AddKnow1" time="23.228" classname="com.edu.system.SearchApply7"/>
</testsuite> <!-- com.edu.system.SearchApply7 -->
