<?xml version="1.0" encoding="UTF-8"?>
<!-- Generated by org.testng.reporters.JUnitReportReporter -->
<testsuite skipped="0" hostname="DESKTOP-E0S8GEP" name="com.edu.system.SearchApply3" tests="2" failures="0" timestamp="09 十二月 2019 06:31:28 GMT" time="33.432" errors="0">
  <testcase name="LoginDemo1" time="6.967" classname="com.edu.system.SearchApply3"/>
  <testcase name="SearchApply1" time="26.465" classname="com.edu.system.SearchApply3"/>
</testsuite> <!-- com.edu.system.SearchApply3 -->
