<?xml version="1.0" encoding="UTF-8"?>
<!-- Generated by org.testng.reporters.JUnitReportReporter -->
<testsuite skipped="0" hostname="DESKTOP-E0S8GEP" name="com.edu.system.SearchApply8" tests="2" failures="0" timestamp="09 十二月 2019 13:00:34 GMT" time="26.301" errors="0">
  <testcase name="LoginDemo1" time="9.422" classname="com.edu.system.SearchApply8"/>
  <testcase name="AddApplyRepair3" time="16.879" classname="com.edu.system.SearchApply8"/>
</testsuite> <!-- com.edu.system.SearchApply8 -->
