<?xml version="1.0" encoding="UTF-8"?>
<!-- Generated by org.testng.reporters.JUnitReportReporter -->
<testsuite skipped="0" hostname="DESKTOP-E0S8GEP" name="com.edu.system.SearchApply10" tests="2" failures="0" timestamp="10 十二月 2019 00:44:12 GMT" time="39.355" errors="0">
  <testcase name="AddApplyRepair1" time="32.601" classname="com.edu.system.SearchApply10"/>
  <testcase name="LoginDemo1" time="6.754" classname="com.edu.system.SearchApply10"/>
</testsuite> <!-- com.edu.system.SearchApply10 -->
