<?xml version="1.0" encoding="UTF-8"?>
<!-- Generated by org.testng.reporters.JUnitReportReporter -->
<testsuite skipped="0" hostname="DESKTOP-E0S8GEP" name="com.edu.system.SearchApply" tests="2" failures="0" timestamp="09 十二月 2019 12:19:37 GMT" time="56.574" errors="0">
  <testcase name="LoginDemo1" time="6.944" classname="com.edu.system.SearchApply"/>
  <testcase name="SearchApply1" time="49.630" classname="com.edu.system.SearchApply"/>
</testsuite> <!-- com.edu.system.SearchApply -->
