<?xml version="1.0" encoding="UTF-8"?>
<!-- Generated by org.testng.reporters.JUnitReportReporter -->
<testsuite skipped="0" hostname="DESKTOP-E0S8GEP" name="com.edu.system.LoginDemo" tests="1" failures="0" timestamp="03 十二月 2019 07:53:19 GMT" time="8.008" errors="0">
  <testcase name="LoginDemo1" time="8.008" classname="com.edu.system.LoginDemo"/>
</testsuite> <!-- com.edu.system.LoginDemo -->
