<?xml version="1.0" encoding="UTF-8"?>
<!-- Generated by org.testng.reporters.JUnitReportReporter -->
<testsuite skipped="0" hostname="DESKTOP-E0S8GEP" name="com.edu.system.ApplyAdd1" tests="2" failures="0" timestamp="09 十二月 2019 12:21:22 GMT" time="6.936" errors="0">
  <testcase name="initDemo" time="0.178" classname="com.edu.system.ApplyAdd1"/>
  <testcase name="LoginDemo1" time="6.758" classname="com.edu.system.ApplyAdd1"/>
</testsuite> <!-- com.edu.system.ApplyAdd1 -->
