<?xml version="1.0" encoding="UTF-8"?>
<!-- Generated by org.testng.reporters.JUnitReportReporter -->
<testsuite skipped="0" hostname="DESKTOP-E0S8GEP" name="com.edu.test.Demo1" tests="1" failures="0" timestamp="14 十一月 2019 02:06:28 GMT" time="0.010" errors="0">
  <testcase name="t1" time="0.010" classname="com.edu.test.Demo1"/>
</testsuite> <!-- com.edu.test.Demo1 -->
