<?xml version="1.0" encoding="UTF-8"?>
<!-- Generated by org.testng.reporters.JUnitReportReporter -->
<testsuite skipped="0" hostname="小琪琪的XPro" name="com.edu.zmj.task.AddReceipt" tests="4" failures="0" timestamp="13 十二月 2019 07:03:26 GMT" time="128.604" errors="0">
  <testcase name="AddReceipt4" time="38.616" classname="com.edu.zmj.task.AddReceipt"/>
  <testcase name="AddReceipt1" time="35.363" classname="com.edu.zmj.task.AddReceipt"/>
  <testcase name="AddReceipt3" time="32.221" classname="com.edu.zmj.task.AddReceipt"/>
  <testcase name="AddReceipt2" time="22.404" classname="com.edu.zmj.task.AddReceipt"/>
</testsuite> <!-- com.edu.zmj.task.AddReceipt -->
