<?xml version="1.0" encoding="UTF-8"?>
<!-- Generated by org.testng.reporters.JUnitReportReporter -->
<testsuite skipped="0" hostname="小琪琪的XPro" name="com.edu.hml.personal.SearchSessionRecord" tests="2" failures="0" timestamp="13 十二月 2019 07:03:26 GMT" time="41.472" errors="0">
  <testcase name="test" time="15.000" classname="com.edu.hml.personal.SearchSessionRecord"/>
  <testcase name="test2" time="26.472" classname="com.edu.hml.personal.SearchSessionRecord"/>
</testsuite> <!-- com.edu.hml.personal.SearchSessionRecord -->
