<?xml version="1.0" encoding="UTF-8"?>
<!-- Generated by org.testng.reporters.JUnitReportReporter -->
<testsuite skipped="0" hostname="DESKTOP-GPM8FV2" name="com.edu.yanjie.system.IM.conversationRecord.SearchConversation" tests="1" failures="0" timestamp="03 十二月 2019 02:16:11 GMT" time="23.184" errors="0">
  <testcase name="searchConversation3" time="23.184" classname="com.edu.yanjie.system.IM.conversationRecord.SearchConversation"/>
</testsuite> <!-- com.edu.yanjie.system.IM.conversationRecord.SearchConversation -->
