<?xml version="1.0" encoding="UTF-8"?>
<!-- Generated by org.testng.reporters.JUnitReportReporter -->
<testsuite skipped="0" hostname="小琪琪的XPro" name="com.edu.gaolu.system.SearchApply3" tests="3" failures="0" timestamp="13 十二月 2019 07:03:26 GMT" time="35.679" errors="0">
  <testcase name="SearchApply303" time="12.936" classname="com.edu.gaolu.system.SearchApply3"/>
  <testcase name="SearchApply301" time="19.430" classname="com.edu.gaolu.system.SearchApply3"/>
  <testcase name="SearchApply302" time="3.313" classname="com.edu.gaolu.system.SearchApply3"/>
</testsuite> <!-- com.edu.gaolu.system.SearchApply3 -->
