<?xml version="1.0" encoding="UTF-8"?>
<!-- Generated by org.testng.reporters.JUnitReportReporter -->
<testsuite skipped="0" hostname="小琪琪的XPro" name="com.edu.zmj.task.DeleteTask" tests="1" failures="0" timestamp="13 十二月 2019 07:03:26 GMT" time="16.234" errors="0">
  <testcase name="DeleteTask1" time="16.234" classname="com.edu.zmj.task.DeleteTask"/>
</testsuite> <!-- com.edu.zmj.task.DeleteTask -->
