<?xml version="1.0" encoding="UTF-8"?>
<!-- Generated by org.testng.reporters.JUnitReportReporter -->
<testsuite skipped="0" hostname="小琪琪的XPro" name="com.edu.yanjie.system.basicmangement.userMangement.AddUser" tests="6" failures="0" timestamp="13 十二月 2019 07:03:26 GMT" time="216.754" errors="0">
  <testcase name="addUser2" time="38.838" classname="com.edu.yanjie.system.basicmangement.userMangement.AddUser"/>
  <testcase name="addUser1" time="35.616" classname="com.edu.yanjie.system.basicmangement.userMangement.AddUser"/>
  <testcase name="addUser1" time="35.579" classname="com.edu.yanjie.system.basicmangement.userMangement.AddUser"/>
  <testcase name="addUser1" time="35.601" classname="com.edu.yanjie.system.basicmangement.userMangement.AddUser"/>
  <testcase name="addUser1" time="35.556" classname="com.edu.yanjie.system.basicmangement.userMangement.AddUser"/>
  <testcase name="addUser1" time="35.564" classname="com.edu.yanjie.system.basicmangement.userMangement.AddUser"/>
</testsuite> <!-- com.edu.yanjie.system.basicmangement.userMangement.AddUser -->
