<?xml version="1.0" encoding="UTF-8"?>
<!-- Generated by org.testng.reporters.JUnitReportReporter -->
<testsuite skipped="1" hostname="小琪琪的XPro" name="com.edu.wangna.test.Administration_2_2" tests="1" failures="0" timestamp="13 十二月 2019 07:03:26 GMT" time="0.000" errors="0">
  <testcase name="test1" time="0.000" classname="com.edu.wangna.test.Administration_2_2">
    <skipped/>
  </testcase> <!-- test1 -->
</testsuite> <!-- com.edu.wangna.test.Administration_2_2 -->
