<?xml version="1.0" encoding="UTF-8"?>
<!-- Generated by org.testng.reporters.JUnitReportReporter -->
<testsuite skipped="0" hostname="小琪琪的XPro" name="com.edu.gaolu.system.MeetingApply" tests="3" failures="0" timestamp="13 十二月 2019 07:03:26 GMT" time="54.018" errors="0">
  <testcase name="AddApplyRepair3" time="15.904" classname="com.edu.gaolu.system.MeetingApply"/>
  <testcase name="AddApplyRepair2" time="15.810" classname="com.edu.gaolu.system.MeetingApply"/>
  <testcase name="AddApplyRepair1" time="22.304" classname="com.edu.gaolu.system.MeetingApply"/>
</testsuite> <!-- com.edu.gaolu.system.MeetingApply -->
