<?xml version="1.0" encoding="UTF-8"?>
<!-- Generated by org.testng.reporters.JUnitReportReporter -->
<testsuite skipped="0" hostname="小琪琪的XPro" name="com.edu.wangna.test.PersonnelAttendance_1_1" tests="7" failures="0" timestamp="13 十二月 2019 07:03:26 GMT" time="91.082" errors="0">
  <testcase name="test1" time="13.015" classname="com.edu.wangna.test.PersonnelAttendance_1_1"/>
  <testcase name="test1" time="13.012" classname="com.edu.wangna.test.PersonnelAttendance_1_1"/>
  <testcase name="test1" time="13.012" classname="com.edu.wangna.test.PersonnelAttendance_1_1"/>
  <testcase name="test1" time="12.988" classname="com.edu.wangna.test.PersonnelAttendance_1_1"/>
  <testcase name="test1" time="13.016" classname="com.edu.wangna.test.PersonnelAttendance_1_1"/>
  <testcase name="test1" time="13.007" classname="com.edu.wangna.test.PersonnelAttendance_1_1"/>
  <testcase name="test1" time="13.032" classname="com.edu.wangna.test.PersonnelAttendance_1_1"/>
</testsuite> <!-- com.edu.wangna.test.PersonnelAttendance_1_1 -->
