<?xml version="1.0" encoding="UTF-8"?>
<!-- Generated by org.testng.reporters.JUnitReportReporter -->
<testsuite skipped="0" hostname="小琪琪的XPro" name="com.edu.wangna.test.PersonnelAttendance_4" tests="7" failures="0" timestamp="13 十二月 2019 07:03:26 GMT" time="91.065" errors="0">
  <testcase name="test1" time="13.004" classname="com.edu.wangna.test.PersonnelAttendance_4"/>
  <testcase name="test1" time="13.001" classname="com.edu.wangna.test.PersonnelAttendance_4"/>
  <testcase name="test1" time="12.987" classname="com.edu.wangna.test.PersonnelAttendance_4"/>
  <testcase name="test1" time="13.026" classname="com.edu.wangna.test.PersonnelAttendance_4"/>
  <testcase name="test1" time="13.007" classname="com.edu.wangna.test.PersonnelAttendance_4"/>
  <testcase name="test1" time="13.016" classname="com.edu.wangna.test.PersonnelAttendance_4"/>
  <testcase name="test1" time="13.024" classname="com.edu.wangna.test.PersonnelAttendance_4"/>
</testsuite> <!-- com.edu.wangna.test.PersonnelAttendance_4 -->
