<?xml version="1.0" encoding="UTF-8"?>
<!-- Generated by org.testng.reporters.JUnitReportReporter -->
<testsuite skipped="0" hostname="小琪琪的XPro" name="com.edu.zmj.task.DeleteXsjh" tests="1" failures="0" timestamp="13 十二月 2019 07:03:26 GMT" time="19.488" errors="0">
  <testcase name="DeleteXsjh1" time="19.488" classname="com.edu.zmj.task.DeleteXsjh"/>
</testsuite> <!-- com.edu.zmj.task.DeleteXsjh -->
