<?xml version="1.0" encoding="UTF-8"?>
<!-- Generated by org.testng.reporters.JUnitReportReporter -->
<testsuite skipped="0" hostname="DESKTOP-GPM8FV2" name="com.edu.yanjie.system.subscriptionManagement.runSubscription.RunSubscription" tests="1" failures="0" timestamp="03 十二月 2019 07:14:57 GMT" time="16.732" errors="0">
  <testcase name="subscripitonOperate2" time="16.732" classname="com.edu.yanjie.system.subscriptionManagement.runSubscription.RunSubscription"/>
</testsuite> <!-- com.edu.yanjie.system.subscriptionManagement.runSubscription.RunSubscription -->
