<?xml version="1.0" encoding="UTF-8"?>
<!-- Generated by org.testng.reporters.JUnitReportReporter -->
<testsuite skipped="0" hostname="小琪琪的XPro" name="com.edu.wangna.test.Administration_1_1" tests="1" failures="0" timestamp="11 十二月 2019 09:19:04 GMT" time="29.656" errors="0">
  <testcase name="test1" time="29.656" classname="com.edu.wangna.test.Administration_1_1"/>
</testsuite> <!-- com.edu.wangna.test.Administration_1_1 -->
