<?xml version="1.0" encoding="UTF-8"?>
<!-- Generated by org.testng.reporters.JUnitReportReporter -->
<testsuite skipped="0" hostname="DESKTOP-GPM8FV2" name="com.edu.yanjie.demo.TestRefresh" tests="1" failures="0" timestamp="28 十一月 2019 02:53:49 GMT" time="18.207" errors="0">
  <testcase name="doTest" time="18.207" classname="com.edu.yanjie.demo.TestRefresh"/>
</testsuite> <!-- com.edu.yanjie.demo.TestRefresh -->
