<?xml version="1.0" encoding="UTF-8"?>
<!-- Generated by org.testng.reporters.JUnitReportReporter -->
<testsuite skipped="0" hostname="小琪琪的XPro" name="com.edu.gaolu.system.SearchApply1" tests="3" failures="0" timestamp="13 十二月 2019 07:03:26 GMT" time="61.359" errors="0">
  <testcase name="SearchApply103" time="19.357" classname="com.edu.gaolu.system.SearchApply1"/>
  <testcase name="SearchApply102" time="22.625" classname="com.edu.gaolu.system.SearchApply1"/>
  <testcase name="SearchApply101" time="19.377" classname="com.edu.gaolu.system.SearchApply1"/>
</testsuite> <!-- com.edu.gaolu.system.SearchApply1 -->
