<?xml version="1.0" encoding="UTF-8"?>
<!-- Generated by org.testng.reporters.JUnitReportReporter -->
<testsuite skipped="0" hostname="小琪琪的XPro" name="com.edu.zmj.task.AddPayment" tests="4" failures="0" timestamp="13 十二月 2019 07:03:26 GMT" time="129.371" errors="0">
  <testcase name="AddPayment1" time="35.361" classname="com.edu.zmj.task.AddPayment"/>
  <testcase name="AddPayment2" time="22.925" classname="com.edu.zmj.task.AddPayment"/>
  <testcase name="AddPayment4" time="38.638" classname="com.edu.zmj.task.AddPayment"/>
  <testcase name="AddPayment3" time="32.447" classname="com.edu.zmj.task.AddPayment"/>
</testsuite> <!-- com.edu.zmj.task.AddPayment -->
