<?xml version="1.0" encoding="UTF-8"?>
<!-- Generated by org.testng.reporters.JUnitReportReporter -->
<testsuite skipped="0" hostname="小琪琪的XPro" name="com.edu.wangna.test.PersonnelAttendance_5" tests="8" failures="0" timestamp="13 十二月 2019 07:03:26 GMT" time="104.132" errors="0">
  <testcase name="test1" time="12.993" classname="com.edu.wangna.test.PersonnelAttendance_5"/>
  <testcase name="test1" time="13.008" classname="com.edu.wangna.test.PersonnelAttendance_5"/>
  <testcase name="test1" time="13.029" classname="com.edu.wangna.test.PersonnelAttendance_5"/>
  <testcase name="test1" time="13.016" classname="com.edu.wangna.test.PersonnelAttendance_5"/>
  <testcase name="test1" time="13.004" classname="com.edu.wangna.test.PersonnelAttendance_5"/>
  <testcase name="test1" time="13.011" classname="com.edu.wangna.test.PersonnelAttendance_5"/>
  <testcase name="test1" time="13.042" classname="com.edu.wangna.test.PersonnelAttendance_5"/>
  <testcase name="test1" time="13.029" classname="com.edu.wangna.test.PersonnelAttendance_5"/>
</testsuite> <!-- com.edu.wangna.test.PersonnelAttendance_5 -->
