<?xml version="1.0" encoding="UTF-8"?>
<!-- Generated by org.testng.reporters.JUnitReportReporter -->
<testsuite skipped="0" hostname="小琪琪的XPro" name="com.edu.wangna.test.Administration_1_2" tests="8" failures="0" timestamp="13 十二月 2019 07:03:26 GMT" time="104.086" errors="0">
  <testcase name="test1" time="13.001" classname="com.edu.wangna.test.Administration_1_2"/>
  <testcase name="test1" time="13.000" classname="com.edu.wangna.test.Administration_1_2"/>
  <testcase name="test1" time="12.987" classname="com.edu.wangna.test.Administration_1_2"/>
  <testcase name="test1" time="13.008" classname="com.edu.wangna.test.Administration_1_2"/>
  <testcase name="test1" time="13.000" classname="com.edu.wangna.test.Administration_1_2"/>
  <testcase name="test1" time="13.035" classname="com.edu.wangna.test.Administration_1_2"/>
  <testcase name="test1" time="13.030" classname="com.edu.wangna.test.Administration_1_2"/>
  <testcase name="test1" time="13.025" classname="com.edu.wangna.test.Administration_1_2"/>
</testsuite> <!-- com.edu.wangna.test.Administration_1_2 -->
