<?xml version="1.0" encoding="UTF-8"?>
<!-- Generated by org.testng.reporters.JUnitReportReporter -->
<testsuite skipped="0" hostname="DESKTOP-GPM8FV2" name="com.edu.yanjie.system.IM.conversationRecord.ExportConversation" tests="1" failures="0" timestamp="03 十二月 2019 02:57:15 GMT" time="16.501" errors="0">
  <testcase name="ExportConversation1" time="16.501" classname="com.edu.yanjie.system.IM.conversationRecord.ExportConversation"/>
</testsuite> <!-- com.edu.yanjie.system.IM.conversationRecord.ExportConversation -->
