<?xml version="1.0" encoding="UTF-8"?>
<!-- Generated by org.testng.reporters.JUnitReportReporter -->
<testsuite skipped="0" hostname="小琪琪的XPro" name="com.edu.lijiaqi.reim.ProcessData" tests="3" failures="0" timestamp="18 十二月 2019 00:23:33 GMT" time="40.045" errors="0">
  <testcase name="dataDelete" time="6.894" classname="com.edu.lijiaqi.reim.ProcessData"/>
  <testcase name="dataAdd2" time="12.106" classname="com.edu.lijiaqi.reim.ProcessData"/>
  <testcase name="dataAdd1" time="21.045" classname="com.edu.lijiaqi.reim.ProcessData"/>
</testsuite> <!-- com.edu.lijiaqi.reim.ProcessData -->
