<?xml version="1.0" encoding="UTF-8"?>
<!-- Generated by org.testng.reporters.JUnitReportReporter -->
<testsuite skipped="0" hostname="小琪琪的XPro" name="com.edu.zmj.task.SearchXsjh" tests="2" failures="0" timestamp="13 十二月 2019 07:03:26 GMT" time="29.213" errors="0">
  <testcase name="SearchXsjh2" time="16.187" classname="com.edu.zmj.task.SearchXsjh"/>
  <testcase name="SearchXsjh1" time="13.026" classname="com.edu.zmj.task.SearchXsjh"/>
</testsuite> <!-- com.edu.zmj.task.SearchXsjh -->
