<?xml version="1.0" encoding="UTF-8"?>
<!-- Generated by org.testng.reporters.JUnitReportReporter -->
<testsuite skipped="0" hostname="小琪琪的XPro" name="com.edu.lijiaqi.reim.ReimChat" tests="5" failures="0" timestamp="11 十二月 2019 07:35:16 GMT" time="70.483" errors="0">
  <testcase name="chatDemo1" time="14.958" classname="com.edu.lijiaqi.reim.ReimChat"/>
  <testcase name="chatDemo1" time="14.979" classname="com.edu.lijiaqi.reim.ReimChat"/>
  <testcase name="chatDemo2" time="3.119" classname="com.edu.lijiaqi.reim.ReimChat"/>
  <testcase name="chatDemo1" time="22.436" classname="com.edu.lijiaqi.reim.ReimChat"/>
  <testcase name="chatDemo1" time="14.991" classname="com.edu.lijiaqi.reim.ReimChat"/>
</testsuite> <!-- com.edu.lijiaqi.reim.ReimChat -->
