<?xml version="1.0" encoding="UTF-8"?>
<!-- Generated by org.testng.reporters.JUnitReportReporter -->
<testsuite skipped="0" hostname="小琪琪的XPro" name="com.edu.wangna.test.PersonnelAttendance_2_2" tests="2" failures="0" timestamp="13 十二月 2019 07:03:26 GMT" time="45.029" errors="0">
  <testcase name="test1" time="22.491" classname="com.edu.wangna.test.PersonnelAttendance_2_2"/>
  <testcase name="test1" time="22.538" classname="com.edu.wangna.test.PersonnelAttendance_2_2"/>
</testsuite> <!-- com.edu.wangna.test.PersonnelAttendance_2_2 -->
