<?xml version="1.0" encoding="UTF-8"?>
<!-- Generated by org.testng.reporters.JUnitReportReporter -->
<testsuite skipped="0" hostname="小琪琪的XPro" name="com.edu.gaolu.system.SearchApply2" tests="3" failures="0" timestamp="13 十二月 2019 07:03:26 GMT" time="35.683" errors="0">
  <testcase name="SearchApply203" time="6.517" classname="com.edu.gaolu.system.SearchApply2"/>
  <testcase name="SearchApply201" time="16.235" classname="com.edu.gaolu.system.SearchApply2"/>
  <testcase name="SearchApply202" time="12.931" classname="com.edu.gaolu.system.SearchApply2"/>
</testsuite> <!-- com.edu.gaolu.system.SearchApply2 -->
