<?xml version="1.0" encoding="UTF-8"?>
<!-- Generated by org.testng.reporters.JUnitReportReporter -->
<testsuite skipped="0" hostname="小琪琪的XPro" name="com.edu.lijiaqi.reim.ProcessList" tests="4" failures="0" timestamp="13 十二月 2019 07:03:26 GMT" time="79.265" errors="0">
  <testcase name="listAdd" time="24.253" classname="com.edu.lijiaqi.reim.ProcessList"/>
  <testcase name="listAdd" time="24.217" classname="com.edu.lijiaqi.reim.ProcessList"/>
  <testcase name="listDelete" time="9.691" classname="com.edu.lijiaqi.reim.ProcessList"/>
  <testcase name="listChange" time="21.104" classname="com.edu.lijiaqi.reim.ProcessList"/>
</testsuite> <!-- com.edu.lijiaqi.reim.ProcessList -->
