<?xml version="1.0" encoding="UTF-8"?>
<!-- Generated by org.testng.reporters.JUnitReportReporter -->
<testsuite skipped="0" hostname="小琪琪的XPro" name="com.edu.zmj.task.SearchProject" tests="3" failures="0" timestamp="13 十二月 2019 07:03:26 GMT" time="51.835" errors="0">
  <testcase name="SearchProject3" time="22.643" classname="com.edu.zmj.task.SearchProject"/>
  <testcase name="SearchProject1" time="13.015" classname="com.edu.zmj.task.SearchProject"/>
  <testcase name="SearchProject2" time="16.177" classname="com.edu.zmj.task.SearchProject"/>
</testsuite> <!-- com.edu.zmj.task.SearchProject -->
