<?xml version="1.0" encoding="UTF-8"?>
<!-- Generated by org.testng.reporters.JUnitReportReporter -->
<testsuite skipped="0" hostname="小琪琪的XPro" name="com.edu.lijiaqi.reim.Process" tests="4" failures="0" timestamp="11 十二月 2019 09:24:54 GMT" time="105.921" errors="0">
  <testcase name="processAdd" time="33.120" classname="com.edu.lijiaqi.reim.Process"/>
  <testcase name="processChange" time="29.938" classname="com.edu.lijiaqi.reim.Process"/>
  <testcase name="processDelete" time="9.686" classname="com.edu.lijiaqi.reim.Process"/>
  <testcase name="processAdd" time="33.177" classname="com.edu.lijiaqi.reim.Process"/>
</testsuite> <!-- com.edu.lijiaqi.reim.Process -->
