<?xml version="1.0" encoding="UTF-8"?>
<!-- Generated by org.testng.reporters.JUnitReportReporter -->
<testsuite skipped="0" hostname="小琪琪的XPro" name="com.edu.lijiaqi.reim.Process" tests="4" failures="0" timestamp="18 十二月 2019 00:23:33 GMT" time="108.270" errors="0">
  <testcase name="processAdd" time="34.054" classname="com.edu.lijiaqi.reim.Process"/>
  <testcase name="processChange" time="30.533" classname="com.edu.lijiaqi.reim.Process"/>
  <testcase name="processAdd" time="33.857" classname="com.edu.lijiaqi.reim.Process"/>
  <testcase name="processDelete" time="9.826" classname="com.edu.lijiaqi.reim.Process"/>
</testsuite> <!-- com.edu.lijiaqi.reim.Process -->
