<?xml version="1.0" encoding="UTF-8"?>
<!-- Generated by org.testng.reporters.JUnitReportReporter -->
<testsuite skipped="0" hostname="小琪琪的XPro" name="com.edu.zmj.task.AddTask" tests="4" failures="0" timestamp="13 十二月 2019 07:03:26 GMT" time="93.122" errors="0">
  <testcase name="AddProject3" time="19.263" classname="com.edu.zmj.task.AddTask"/>
  <testcase name="AddProject2" time="19.206" classname="com.edu.zmj.task.AddTask"/>
  <testcase name="AddProject1" time="28.872" classname="com.edu.zmj.task.AddTask"/>
  <testcase name="AddProject4" time="25.781" classname="com.edu.zmj.task.AddTask"/>
</testsuite> <!-- com.edu.zmj.task.AddTask -->
