<?xml version="1.0" encoding="UTF-8"?>
<!-- Generated by org.testng.reporters.JUnitReportReporter -->
<testsuite skipped="0" hostname="小琪琪的XPro" name="com.edu.lijiaqi.reim.ProcessTerm" tests="2" failures="0" timestamp="13 十二月 2019 07:03:26 GMT" time="40.400" errors="0">
  <testcase name="termDelete" time="9.681" classname="com.edu.lijiaqi.reim.ProcessTerm"/>
  <testcase name="termAdd" time="30.719" classname="com.edu.lijiaqi.reim.ProcessTerm"/>
</testsuite> <!-- com.edu.lijiaqi.reim.ProcessTerm -->
