<?xml version="1.0" encoding="UTF-8"?>
<!-- Generated by org.testng.reporters.JUnitReportReporter -->
<testsuite skipped="0" hostname="小琪琪的XPro" name="com.edu.zmj.task.SearchCustomer" tests="2" failures="0" timestamp="13 十二月 2019 07:03:26 GMT" time="29.190" errors="0">
  <testcase name="SearchCustomer2" time="16.184" classname="com.edu.zmj.task.SearchCustomer"/>
  <testcase name="SearchCustomer1" time="13.006" classname="com.edu.zmj.task.SearchCustomer"/>
</testsuite> <!-- com.edu.zmj.task.SearchCustomer -->
