<?xml version="1.0" encoding="UTF-8"?>
<!-- Generated by org.testng.reporters.JUnitReportReporter -->
<testsuite skipped="0" hostname="DESKTOP-GPM8FV2" name="com.edu.yanjie.system.basicmangement.userMangement.AddUser" tests="6" failures="0" timestamp="10 十二月 2019 06:31:49 GMT" time="221.730" errors="0">
  <testcase name="addUser1" time="36.578" classname="com.edu.yanjie.system.basicmangement.userMangement.AddUser"/>
  <testcase name="addUser2" time="40.270" classname="com.edu.yanjie.system.basicmangement.userMangement.AddUser"/>
  <testcase name="addUser1" time="36.113" classname="com.edu.yanjie.system.basicmangement.userMangement.AddUser"/>
  <testcase name="addUser1" time="36.332" classname="com.edu.yanjie.system.basicmangement.userMangement.AddUser"/>
  <testcase name="addUser1" time="36.331" classname="com.edu.yanjie.system.basicmangement.userMangement.AddUser"/>
  <testcase name="addUser1" time="36.106" classname="com.edu.yanjie.system.basicmangement.userMangement.AddUser"/>
</testsuite> <!-- com.edu.yanjie.system.basicmangement.userMangement.AddUser -->
