<?xml version="1.0" encoding="UTF-8"?>
<!-- Generated by org.testng.reporters.JUnitReportReporter -->
<testsuite skipped="0" hostname="小琪琪的XPro" name="com.edu.gaolu.system.SearchSubApply" tests="2" failures="0" timestamp="13 十二月 2019 07:03:26 GMT" time="35.592" errors="0">
  <testcase name="SearchSubApply1" time="22.576" classname="com.edu.gaolu.system.SearchSubApply"/>
  <testcase name="SearchSubApply2" time="13.016" classname="com.edu.gaolu.system.SearchSubApply"/>
</testsuite> <!-- com.edu.gaolu.system.SearchSubApply -->
