<?xml version="1.0" encoding="UTF-8"?>
<!-- Generated by org.testng.reporters.JUnitReportReporter -->
<testsuite skipped="0" hostname="小琪琪的XPro" name="com.edu.lijiaqi.reim.Process" tests="4" failures="0" timestamp="13 十二月 2019 07:03:26 GMT" time="105.855" errors="0">
  <testcase name="processAdd" time="33.117" classname="com.edu.lijiaqi.reim.Process"/>
  <testcase name="processChange" time="29.992" classname="com.edu.lijiaqi.reim.Process"/>
  <testcase name="processAdd" time="33.071" classname="com.edu.lijiaqi.reim.Process"/>
  <testcase name="processDelete" time="9.675" classname="com.edu.lijiaqi.reim.Process"/>
</testsuite> <!-- com.edu.lijiaqi.reim.Process -->
