<?xml version="1.0" encoding="UTF-8"?>
<!-- Generated by org.testng.reporters.JUnitReportReporter -->
<testsuite skipped="0" hostname="小琪琪的XPro" name="com.edu.gaolu.system.SearchInforAge" tests="4" failures="0" timestamp="13 十二月 2019 07:03:26 GMT" time="47.672" errors="0">
  <testcase name="AddKnow4" time="12.723" classname="com.edu.gaolu.system.SearchInforAge"/>
  <testcase name="AddKnow3" time="12.585" classname="com.edu.gaolu.system.SearchInforAge"/>
  <testcase name="AddKnow1" time="9.723" classname="com.edu.gaolu.system.SearchInforAge"/>
  <testcase name="AddKnow2" time="12.641" classname="com.edu.gaolu.system.SearchInforAge"/>
</testsuite> <!-- com.edu.gaolu.system.SearchInforAge -->
