<?xml version="1.0" encoding="UTF-8"?>
<!-- Generated by org.testng.reporters.JUnitReportReporter -->
<testsuite skipped="0" hostname="小琪琪的XPro" name="com.edu.gaolu.system.ServiceApply" tests="3" failures="0" timestamp="13 十二月 2019 07:03:26 GMT" time="34.763" errors="0">
  <testcase name="AddApplyRepair2" time="9.414" classname="com.edu.gaolu.system.ServiceApply"/>
  <testcase name="AddApplyRepair3" time="9.458" classname="com.edu.gaolu.system.ServiceApply"/>
  <testcase name="AddApplyRepair1" time="15.891" classname="com.edu.gaolu.system.ServiceApply"/>
</testsuite> <!-- com.edu.gaolu.system.ServiceApply -->
