<?xml version="1.0" encoding="UTF-8"?>
<!-- Generated by org.testng.reporters.JUnitReportReporter -->
<testsuite skipped="0" hostname="小琪琪的XPro" name="com.edu.lijiaqi.reim.ProcessData" tests="3" failures="0" timestamp="13 十二月 2019 07:03:26 GMT" time="38.796" errors="0">
  <testcase name="dataAdd1" time="20.351" classname="com.edu.lijiaqi.reim.ProcessData"/>
  <testcase name="dataDelete" time="6.600" classname="com.edu.lijiaqi.reim.ProcessData"/>
  <testcase name="dataAdd2" time="11.845" classname="com.edu.lijiaqi.reim.ProcessData"/>
</testsuite> <!-- com.edu.lijiaqi.reim.ProcessData -->
