<?xml version="1.0" encoding="UTF-8"?>
<!-- Generated by org.testng.reporters.JUnitReportReporter -->
<testsuite skipped="0" hostname="小琪琪的XPro" name="com.edu.gaolu.system.RollMachineApply" tests="3" failures="0" timestamp="13 十二月 2019 07:03:26 GMT" time="34.838" errors="0">
  <testcase name="AddApply2" time="9.442" classname="com.edu.gaolu.system.RollMachineApply"/>
  <testcase name="AddApply1" time="15.936" classname="com.edu.gaolu.system.RollMachineApply"/>
  <testcase name="AddApply3" time="9.460" classname="com.edu.gaolu.system.RollMachineApply"/>
</testsuite> <!-- com.edu.gaolu.system.RollMachineApply -->
