<?xml version="1.0" encoding="UTF-8"?>
<!-- Generated by org.testng.reporters.JUnitReportReporter -->
<testsuite skipped="0" hostname="小琪琪的XPro" name="com.edu.hml.personal.SearchSessionRecord" tests="1" failures="0" timestamp="12 十二月 2019 02:18:10 GMT" time="11.783" errors="0">
  <testcase name="test6" time="11.783" classname="com.edu.hml.personal.SearchSessionRecord"/>
</testsuite> <!-- com.edu.hml.personal.SearchSessionRecord -->
