<?xml version="1.0" encoding="UTF-8"?>
<!-- Generated by org.testng.reporters.JUnitReportReporter -->
<testsuite skipped="0" hostname="小琪琪的XPro" name="com.edu.wangna.test.PersonnelAttendance_1_3" tests="5" failures="0" timestamp="13 十二月 2019 07:03:26 GMT" time="91.020" errors="0">
  <testcase name="test1" time="18.203" classname="com.edu.wangna.test.PersonnelAttendance_1_3"/>
  <testcase name="test2" time="18.195" classname="com.edu.wangna.test.PersonnelAttendance_1_3"/>
  <testcase name="test3" time="18.199" classname="com.edu.wangna.test.PersonnelAttendance_1_3"/>
  <testcase name="test5" time="18.208" classname="com.edu.wangna.test.PersonnelAttendance_1_3"/>
  <testcase name="test4" time="18.215" classname="com.edu.wangna.test.PersonnelAttendance_1_3"/>
</testsuite> <!-- com.edu.wangna.test.PersonnelAttendance_1_3 -->
