<?xml version="1.0" encoding="UTF-8"?>
<!-- Generated by org.testng.reporters.JUnitReportReporter -->
<testsuite skipped="0" hostname="小琪琪的XPro" name="com.edu.zmj.task.AddProject" tests="5" failures="0" timestamp="13 十二月 2019 07:03:26 GMT" time="166.371" errors="0">
  <testcase name="AddProject3" time="22.496" classname="com.edu.zmj.task.AddProject"/>
  <testcase name="AddProject4" time="28.979" classname="com.edu.zmj.task.AddProject"/>
  <testcase name="AddProject2" time="22.428" classname="com.edu.zmj.task.AddProject"/>
  <testcase name="AddProject5" time="44.036" classname="com.edu.zmj.task.AddProject"/>
  <testcase name="AddProject1" time="48.432" classname="com.edu.zmj.task.AddProject"/>
</testsuite> <!-- com.edu.zmj.task.AddProject -->
