<?xml version="1.0" encoding="UTF-8"?>
<!-- Generated by org.testng.reporters.JUnitReportReporter -->
<testsuite skipped="0" hostname="小琪琪的XPro" name="com.edu.zmj.task.DeleteProject" tests="1" failures="0" timestamp="13 十二月 2019 07:03:26 GMT" time="19.497" errors="0">
  <testcase name="DeleteProject1" time="19.497" classname="com.edu.zmj.task.DeleteProject"/>
</testsuite> <!-- com.edu.zmj.task.DeleteProject -->
