<?xml version="1.0" encoding="UTF-8"?>
<!-- Generated by org.testng.reporters.JUnitReportReporter -->
<testsuite skipped="0" hostname="小琪琪的XPro" name="com.edu.wangna.test.PersonnelAttendance_1_2" tests="5" failures="0" timestamp="13 十二月 2019 07:03:26 GMT" time="204.305" errors="0">
  <testcase name="test3" time="39.574" classname="com.edu.wangna.test.PersonnelAttendance_1_2"/>
  <testcase name="test5" time="39.580" classname="com.edu.wangna.test.PersonnelAttendance_1_2"/>
  <testcase name="test1" time="46.011" classname="com.edu.wangna.test.PersonnelAttendance_1_2"/>
  <testcase name="test4" time="39.561" classname="com.edu.wangna.test.PersonnelAttendance_1_2"/>
  <testcase name="test2" time="39.579" classname="com.edu.wangna.test.PersonnelAttendance_1_2"/>
</testsuite> <!-- com.edu.wangna.test.PersonnelAttendance_1_2 -->
