<?xml version="1.0" encoding="UTF-8"?>
<!-- Generated by org.testng.reporters.JUnitReportReporter -->
<testsuite skipped="0" hostname="小琪琪的XPro" name="com.edu.wangna.test.PersonnelAttendance_3" tests="10" failures="0" timestamp="13 十二月 2019 07:03:26 GMT" time="130.156" errors="0">
  <testcase name="test1" time="13.016" classname="com.edu.wangna.test.PersonnelAttendance_3"/>
  <testcase name="test1" time="13.016" classname="com.edu.wangna.test.PersonnelAttendance_3"/>
  <testcase name="test1" time="13.026" classname="com.edu.wangna.test.PersonnelAttendance_3"/>
  <testcase name="test1" time="13.002" classname="com.edu.wangna.test.PersonnelAttendance_3"/>
  <testcase name="test1" time="13.029" classname="com.edu.wangna.test.PersonnelAttendance_3"/>
  <testcase name="test1" time="13.020" classname="com.edu.wangna.test.PersonnelAttendance_3"/>
  <testcase name="test1" time="13.010" classname="com.edu.wangna.test.PersonnelAttendance_3"/>
  <testcase name="test1" time="13.018" classname="com.edu.wangna.test.PersonnelAttendance_3"/>
  <testcase name="test1" time="12.999" classname="com.edu.wangna.test.PersonnelAttendance_3"/>
  <testcase name="test1" time="13.020" classname="com.edu.wangna.test.PersonnelAttendance_3"/>
</testsuite> <!-- com.edu.wangna.test.PersonnelAttendance_3 -->
