<?xml version="1.0" encoding="UTF-8"?>
<!-- Generated by org.testng.reporters.JUnitReportReporter -->
<testsuite skipped="0" hostname="小琪琪的XPro" name="com.edu.zmj.task.AddContract" tests="4" failures="0" timestamp="13 十二月 2019 07:03:26 GMT" time="138.425" errors="0">
  <testcase name="AddContract2" time="22.443" classname="com.edu.zmj.task.AddContract"/>
  <testcase name="AddContract4" time="38.677" classname="com.edu.zmj.task.AddContract"/>
  <testcase name="AddContract3" time="32.229" classname="com.edu.zmj.task.AddContract"/>
  <testcase name="AddContract1" time="45.076" classname="com.edu.zmj.task.AddContract"/>
</testsuite> <!-- com.edu.zmj.task.AddContract -->
