<?xml version="1.0" encoding="UTF-8"?>
<!-- Generated by org.testng.reporters.JUnitReportReporter -->
<testsuite skipped="0" hostname="小琪琪的XPro" name="com.edu.hml.personal.Communication" tests="1" failures="0" timestamp="13 十二月 2019 07:03:26 GMT" time="9.686" errors="0">
  <testcase name="test" time="9.686" classname="com.edu.hml.personal.Communication"/>
</testsuite> <!-- com.edu.hml.personal.Communication -->
