<?xml version="1.0" encoding="UTF-8"?>
<!-- Generated by org.testng.reporters.JUnitReportReporter -->
<testsuite skipped="0" hostname="DESKTOP-GPM8FV2" name="com.edu.yanjie.system.subscriptionManagement.subscriptionOperate.SubscriptionOperate" tests="1" failures="0" timestamp="03 十二月 2019 06:51:58 GMT" time="16.752" errors="0">
  <testcase name="subscripitonOperate1" time="16.752" classname="com.edu.yanjie.system.subscriptionManagement.subscriptionOperate.SubscriptionOperate"/>
</testsuite> <!-- com.edu.yanjie.system.subscriptionManagement.subscriptionOperate.SubscriptionOperate -->
