<?xml version="1.0" encoding="UTF-8"?>
<!-- Generated by org.testng.reporters.JUnitReportReporter -->
<testsuite skipped="0" hostname="小琪琪的XPro" name="com.edu.yanjie.system.IM.conversationRecord.SearchConversation" tests="3" failures="0" timestamp="13 十二月 2019 07:03:26 GMT" time="48.773" errors="0">
  <testcase name="searchConversation2" time="13.000" classname="com.edu.yanjie.system.IM.conversationRecord.SearchConversation"/>
  <testcase name="searchConversation1" time="13.019" classname="com.edu.yanjie.system.IM.conversationRecord.SearchConversation"/>
  <testcase name="searchConversation3" time="22.754" classname="com.edu.yanjie.system.IM.conversationRecord.SearchConversation"/>
</testsuite> <!-- com.edu.yanjie.system.IM.conversationRecord.SearchConversation -->
