<?xml version="1.0" encoding="UTF-8"?>
<!-- Generated by org.testng.reporters.JUnitReportReporter -->
<testsuite skipped="0" hostname="DESKTOP-GPM8FV2" name="com.edu.yanjie.demo.SystemDemo" tests="1" failures="0" timestamp="26 十一月 2019 08:26:08 GMT" time="27.757" errors="0">
  <testcase name="SystemDemo1" time="27.757" classname="com.edu.yanjie.demo.SystemDemo"/>
</testsuite> <!-- com.edu.yanjie.demo.SystemDemo -->
